<?xml version="1.0" encoding="UTF-8" standalone="no"?>
<testsuite failures="1" name="cucumber.runtime.formatter.JUnitFormatter" skipped="0" tests="1" time="0">
    <testcase classname="Login to Application" name="valid login to Application" time="0">
        <failure message="The scenario has pending or undefined step(s)"><![CDATA[Given Open browser..........................................................undefined
Then Click on signin button.................................................undefined
Then Enter "saurabhsoni868@gmail.com" and "123456"..........................undefined
And Click on submit button..................................................undefined
]]></failure>
    </testcase>
</testsuite>
